This is pdfTeX, Version 3.1415926-2.4-1.40.13 (TeX Live 2012) (format=pdflatex 2012.9.26)  24 DEC 2012 14:53
entering extended mode
 restricted \write18 enabled.
 %&-line parsing enabled.
**10.1.tex
(./10.1.tex
LaTeX2e <2011/06/27>
Babel <v3.8m> and hyphenation patterns for english, dumylang, nohyphenation, ge
rman-x-2012-05-30, ngerman-x-2012-05-30, afrikaans, ancientgreek, ibycus, arabi
c, armenian, basque, bulgarian, catalan, pinyin, coptic, croatian, czech, danis
h, dutch, ukenglish, usenglishmax, esperanto, estonian, ethiopic, farsi, finnis
h, french, friulan, galician, german, ngerman, swissgerman, monogreek, greek, h
ungarian, icelandic, assamese, bengali, gujarati, hindi, kannada, malayalam, ma
rathi, oriya, panjabi, tamil, telugu, indonesian, interlingua, irish, italian, 
kurmanji, latin, latvian, lithuanian, mongolian, mongolianlmc, bokmal, nynorsk,
 polish, portuguese, romanian, romansh, russian, sanskrit, serbian, serbianc, s
lovak, slovenian, spanish, swedish, turkish, turkmen, ukrainian, uppersorbian, 
welsh, loaded.

! LaTeX Error: Environment definice undefined.

See the LaTeX manual or LaTeX Companion for explanation.
Type  H <return>  for immediate help.
 ...                                              
                                                  
l.1 \begin{definice}
                    
Your command was ignored.
Type  I <command> <return>  to replace it with another command,
or  <return>  to continue without it.


! LaTeX Error: Missing \begin{document}.

See the LaTeX manual or LaTeX Companion for explanation.
Type  H <return>  for immediate help.
 ...                                              
                                                  
l.2 N
     ech≈• $J \subset \mathbb{R}$ je interval a nech≈• m√°me $f : J \rightar...

You're in trouble here.  Try typing  <return>  to proceed.
If that doesn't work, type  X <return>  to quit.

Missing character: There is no N in font nullfont!
Missing character: There is no e in font nullfont!
Missing character: There is no c in font nullfont!
Missing character: There is no h in font nullfont!
Missing character: There is no ≈ in font nullfont!
Missing character: There is no • in font nullfont!
LaTeX Font Info:    External font `cmex10' loaded for size
(Font)              <7> on input line 2.
LaTeX Font Info:    External font `cmex10' loaded for size
(Font)              <5> on input line 2.
! Undefined control sequence.
l.2 Nech≈• $J \subset \mathbb
                             {R}$ je interval a nech≈• m√°me $f : J \rightar...
The control sequence at the end of the top line
of your error message was never \def'ed. If you have
misspelled it (e.g., `\hobx'), type `I' and the correct
spelling (e.g., `I\hbox'). Otherwise just continue,
and I'll forget about whatever was undefined.

Missing character: There is no j in font nullfont!
Missing character: There is no e in font nullfont!
Missing character: There is no i in font nullfont!
Missing character: There is no n in font nullfont!
Missing character: There is no t in font nullfont!
Missing character: There is no e in font nullfont!
Missing character: There is no r in font nullfont!
Missing character: There is no v in font nullfont!
Missing character: There is no a in font nullfont!
Missing character: There is no l in font nullfont!
Missing character: There is no a in font nullfont!
Missing character: There is no n in font nullfont!
Missing character: There is no e in font nullfont!
Missing character: There is no c in font nullfont!
Missing character: There is no h in font nullfont!
Missing character: There is no ≈ in font nullfont!
Missing character: There is no • in font nullfont!
Missing character: There is no m in font nullfont!
Missing character: There is no √ in font nullfont!
Missing character: There is no ° in font nullfont!
Missing character: There is no m in font nullfont!
Missing character: There is no e in font nullfont!
! Undefined control sequence.
l.2 ...l a nech≈• m√°me $f : J \rightarrow \mathbb
                                                  {R}$ a $f_n : J \rightarro...
The control sequence at the end of the top line
of your error message was never \def'ed. If you have
misspelled it (e.g., `\hobx'), type `I' and the correct
spelling (e.g., `I\hbox'). Otherwise just continue,
and I'll forget about whatever was undefined.

Missing character: There is no a in font nullfont!
! Undefined control sequence.
l.2 ... \mathbb{R}$ a $f_n : J \rightarrow \mathbb
                                                  {R}$ pro $n \in \mathbb{N}...
The control sequence at the end of the top line
of your error message was never \def'ed. If you have
misspelled it (e.g., `\hobx'), type `I' and the correct
spelling (e.g., `I\hbox'). Otherwise just continue,
and I'll forget about whatever was undefined.

Missing character: There is no p in font nullfont!
Missing character: There is no r in font nullfont!
Missing character: There is no o in font nullfont!
! Undefined control sequence.
l.2 ... \rightarrow \mathbb{R}$ pro $n \in \mathbb
                                                  {N}$. ≈òekneme, ≈æe poslou...
The control sequence at the end of the top line
of your error message was never \def'ed. If you have
misspelled it (e.g., `\hobx'), type `I' and the correct
spelling (e.g., `I\hbox'). Otherwise just continue,
and I'll forget about whatever was undefined.

Missing character: There is no . in font nullfont!
Missing character: There is no ≈ in font nullfont!
Missing character: There is no ò in font nullfont!
Missing character: There is no e in font nullfont!
Missing character: There is no k in font nullfont!
Missing character: There is no n in font nullfont!
Missing character: There is no e in font nullfont!
Missing character: There is no m in font nullfont!
Missing character: There is no e in font nullfont!
Missing character: There is no , in font nullfont!
Missing character: There is no ≈ in font nullfont!
Missing character: There is no æ in font nullfont!
Missing character: There is no e in font nullfont!
Missing character: There is no p in font nullfont!
Missing character: There is no o in font nullfont!
Missing character: There is no s in font nullfont!
Missing character: There is no l in font nullfont!
Missing character: There is no o in font nullfont!
Missing character: There is no u in font nullfont!
Missing character: There is no p in font nullfont!
Missing character: There is no n in font nullfont!
Missing character: There is no o in font nullfont!
Missing character: There is no s in font nullfont!
Missing character: There is no t in font nullfont!
Missing character: There is no f in font nullfont!
Missing character: There is no u in font nullfont!
Missing character: There is no n in font nullfont!
Missing character: There is no k in font nullfont!
Missing character: There is no c in font nullfont!
Missing character: There is no √ in font nullfont!
Missing character: There is no ≠ in font nullfont!
Missing character: There is no : in font nullfont!

Overfull \hbox (20.0pt too wide) in paragraph at lines 2--3
[]
 []


Overfull \hbox (17.06245pt too wide) in paragraph at lines 2--3
\OML/cmm/m/it/10 J \OMS/cmsy/m/n/10 ^^Z
 []


Overfull \hbox (7.67015pt too wide) in paragraph at lines 2--3
\OML/cmm/m/it/10 R$
 []


Overfull \hbox (11.52776pt too wide) in paragraph at lines 2--3
\OML/cmm/m/it/10 f \OT1/cmr/m/n/10 :
 []


Overfull \hbox (19.28467pt too wide) in paragraph at lines 2--3
\OML/cmm/m/it/10 J \OMS/cmsy/m/n/10 !
 []


Overfull \hbox (7.67015pt too wide) in paragraph at lines 2--3
\OML/cmm/m/it/10 R$
 []


Overfull \hbox (15.89468pt too wide) in paragraph at lines 2--3
\OML/cmm/m/it/10 f[] \OT1/cmr/m/n/10 :
 []


Overfull \hbox (19.28467pt too wide) in paragraph at lines 2--3
\OML/cmm/m/it/10 J \OMS/cmsy/m/n/10 !
 []


Overfull \hbox (7.67015pt too wide) in paragraph at lines 2--3
\OML/cmm/m/it/10 R$
 []


Overfull \hbox (15.44675pt too wide) in paragraph at lines 2--3
\OML/cmm/m/it/10 n \OMS/cmsy/m/n/10 2
 []


Overfull \hbox (9.12497pt too wide) in paragraph at lines 2--3
\OML/cmm/m/it/10 N$
 []


Overfull \hbox (20.33922pt too wide) in paragraph at lines 2--3
\OMS/cmsy/m/n/10 f\OML/cmm/m/it/10 f[]\OMS/cmsy/m/n/10 g$ 
 []


! LaTeX Error: Missing \begin{document}.

See the LaTeX manual or LaTeX Companion for explanation.
Type  H <return>  for immediate help.
 ...                                              
                                                  
l.4 \begin{enumerate}
                     
You're in trouble here.  Try typing  <return>  to proceed.
If that doesn't work, type  X <return>  to quit.


Overfull \hbox (20.0pt too wide) in paragraph at lines 4--4
[] 
 []

Missing character: There is no ƒ in font cmti10!
Missing character: There is no õ in font cmti10!
Missing character: There is no k in font nullfont!
Missing character: There is no n in font nullfont!
Missing character: There is no a in font nullfont!
Missing character: There is no , in font nullfont!
Missing character: There is no p in font nullfont!
Missing character: There is no o in font nullfont!
Missing character: There is no k in font nullfont!
Missing character: There is no u in font nullfont!
Missing character: There is no d in font nullfont!
Missing character: There is no p in font nullfont!
Missing character: There is no r in font nullfont!
Missing character: There is no o in font nullfont!
Missing character: There is no k in font nullfont!
Missing character: There is no a in font nullfont!
Missing character: There is no ≈ in font nullfont!
Missing character: There is no æ in font nullfont!
Missing character: There is no d in font nullfont!
Missing character: There is no √ in font nullfont!
Missing character: There is no © in font nullfont!
Missing character: There is no p in font nullfont!
Missing character: There is no l in font nullfont!
Missing character: There is no a in font nullfont!
Missing character: There is no t in font nullfont!
Missing character: There is no √ in font nullfont!
Missing character: There is no ≠ in font nullfont!
Missing character: There is no , in font nullfont!
Missing character: There is no n in font nullfont!
Missing character: There is no e in font nullfont!
Missing character: There is no b in font nullfont!
Missing character: There is no o in font nullfont!
Missing character: There is no l in font nullfont!
Missing character: There is no i in font nullfont!

Overfull \hbox (45.87187pt too wide) in paragraph at lines 5--6
\OT1/cmr/m/it/10 konverguje
 []


Overfull \hbox (23.51093pt too wide) in paragraph at lines 5--6
\OT1/cmr/m/it/10 bodov
 []


Overfull \hbox (5.97226pt too wide) in paragraph at lines 5--6
\OML/cmm/m/it/10 f$
 []


Overfull \hbox (6.50694pt too wide) in paragraph at lines 5--6
\OML/cmm/m/it/10 J$
 []


Overfull \hbox (15.15967pt too wide) in paragraph at lines 5--6
\OML/cmm/m/it/10 x \OMS/cmsy/m/n/10 2
 []


Overfull \hbox (6.50694pt too wide) in paragraph at lines 5--6
\OML/cmm/m/it/10 J$
 []


Overfull \hbox (71.33115pt too wide) in paragraph at lines 5--6
[][] \OML/cmm/m/it/10 f[]\OT1/cmr/m/n/10 (\OML/cmm/m/it/10 x\OT1/cmr/m/n/10 ) =

 []


Overfull \hbox (19.46533pt too wide) in paragraph at lines 5--6
\OML/cmm/m/it/10 f\OT1/cmr/m/n/10 (\OML/cmm/m/it/10 x\OT1/cmr/m/n/10 )$
 []

! Undefined control sequence.
l.6 ...forall \epsilon > 0 \exists n_0 \in \mathbb
                                                  {N} \forall n \geq n_0 : |...
The control sequence at the end of the top line
of your error message was never \def'ed. If you have
misspelled it (e.g., `\hobx'), type `I' and the correct
spelling (e.g., `I\hbox'). Otherwise just continue,
and I'll forget about whatever was undefined.


Overfull \hbox (213.07492pt too wide) detected at line 6
\OMS/cmsy/m/n/10 8\OML/cmm/m/it/10 x \OMS/cmsy/m/n/10 2 \OML/cmm/m/it/10 J\OMS/
cmsy/m/n/10 8\OML/cmm/m/it/10 ^^O > \OT1/cmr/m/n/10 0\OMS/cmsy/m/n/10 9\OML/cmm
/m/it/10 n[] \OMS/cmsy/m/n/10 2 \OML/cmm/m/it/10 N\OMS/cmsy/m/n/10 8\OML/cmm/m/
it/10 n \OMS/cmsy/m/n/10 ^^U \OML/cmm/m/it/10 n[] \OT1/cmr/m/n/10 : \OMS/cmsy/m
/n/10 j\OML/cmm/m/it/10 f[]\OT1/cmr/m/n/10 (\OML/cmm/m/it/10 x\OT1/cmr/m/n/10 )
 \OMS/cmsy/m/n/10 ^^@ \OML/cmm/m/it/10 f\OT1/cmr/m/n/10 (\OML/cmm/m/it/10 x\OT1
/cmr/m/n/10 )\OMS/cmsy/m/n/10 j \OML/cmm/m/it/10 < ^^O
 []

Missing character: There is no Z in font nullfont!
Missing character: There is no n in font nullfont!
Missing character: There is no a in font nullfont!
Missing character: There is no ƒ in font nullfont!
Missing character: There is no ç in font nullfont!
Missing character: There is no √ in font nullfont!
Missing character: There is no ≠ in font nullfont!
Missing character: There is no m in font nullfont!
Missing character: There is no e in font nullfont!
Missing character: There is no n in font nullfont!
Missing character: There is no a in font nullfont!
Missing character: There is no . in font nullfont!

Overfull \hbox (23.11691pt too wide) in paragraph at lines 6--8
 $\OML/cmm/m/it/10 f[] \OMS/cmsy/m/n/10 !
 []


Overfull \hbox (5.97226pt too wide) in paragraph at lines 6--8
\OML/cmm/m/it/10 f$
 []


Overfull \hbox (6.50694pt too wide) in paragraph at lines 6--8
\OML/cmm/m/it/10 J$ 
 []

Missing character: There is no ƒ in font cmti10!
Missing character: There is no õ in font cmti10!
Missing character: There is no ƒ in font cmti10!
Missing character: There is no õ in font cmti10!
Missing character: There is no k in font nullfont!
Missing character: There is no n in font nullfont!
Missing character: There is no a in font nullfont!
Missing character: There is no , in font nullfont!
Missing character: There is no p in font nullfont!
Missing character: There is no o in font nullfont!
Missing character: There is no k in font nullfont!
Missing character: There is no u in font nullfont!
Missing character: There is no d in font nullfont!

Overfull \hbox (45.87187pt too wide) in paragraph at lines 8--9
\OT1/cmr/m/it/10 konverguje
 []


Overfull \hbox (15.58876pt too wide) in paragraph at lines 8--9
\OT1/cmr/m/it/10 ste-
 []


Overfull \hbox (31.81648pt too wide) in paragraph at lines 8--9
\OT1/cmr/m/it/10 jnomrn
 []


Overfull \hbox (5.97226pt too wide) in paragraph at lines 8--9
\OML/cmm/m/it/10 f$
 []


Overfull \hbox (6.50694pt too wide) in paragraph at lines 8--9
\OML/cmm/m/it/10 J$
 []

! Undefined control sequence.
l.9 $$\forall \epsilon > 0 \exists n_0 \in \mathbb
                                                  {N} \forall n \geq n_0 \fo...
The control sequence at the end of the top line
of your error message was never \def'ed. If you have
misspelled it (e.g., `\hobx'), type `I' and the correct
spelling (e.g., `I\hbox'). Otherwise just continue,
and I'll forget about whatever was undefined.


Overfull \hbox (213.07492pt too wide) detected at line 9
\OMS/cmsy/m/n/10 8\OML/cmm/m/it/10 ^^O > \OT1/cmr/m/n/10 0\OMS/cmsy/m/n/10 9\OM
L/cmm/m/it/10 n[] \OMS/cmsy/m/n/10 2 \OML/cmm/m/it/10 N\OMS/cmsy/m/n/10 8\OML/c
mm/m/it/10 n \OMS/cmsy/m/n/10 ^^U \OML/cmm/m/it/10 n[]\OMS/cmsy/m/n/10 8\OML/cm
m/m/it/10 x \OMS/cmsy/m/n/10 2 \OML/cmm/m/it/10 J \OT1/cmr/m/n/10 : \OMS/cmsy/m
/n/10 j\OML/cmm/m/it/10 f[]\OT1/cmr/m/n/10 (\OML/cmm/m/it/10 x\OT1/cmr/m/n/10 )
 \OMS/cmsy/m/n/10 ^^@ \OML/cmm/m/it/10 f\OT1/cmr/m/n/10 (\OML/cmm/m/it/10 x\OT1
/cmr/m/n/10 )\OMS/cmsy/m/n/10 j \OML/cmm/m/it/10 < ^^O
 []

Missing character: There is no Z in font nullfont!
Missing character: There is no n in font nullfont!
Missing character: There is no a in font nullfont!
Missing character: There is no ƒ in font nullfont!
Missing character: There is no ç in font nullfont!
Missing character: There is no √ in font nullfont!
Missing character: There is no ≠ in font nullfont!
Missing character: There is no m in font nullfont!
Missing character: There is no e in font nullfont!
! Undefined control sequence.
l.10 Znaƒç√≠me $f_n \con
                         f$.
The control sequence at the end of the top line
of your error message was never \def'ed. If you have
misspelled it (e.g., `\hobx'), type `I' and the correct
spelling (e.g., `I\hbox'). Otherwise just continue,
and I'll forget about whatever was undefined.

Missing character: There is no . in font nullfont!

Overfull \hbox (16.31145pt too wide) in paragraph at lines 9--11
 $\OML/cmm/m/it/10 f[]f$ 
 []

Missing character: There is no √ in font cmti10!
Missing character: There is no ° in font cmti10!
Missing character: There is no ƒ in font cmti10!
Missing character: There is no õ in font cmti10!
Missing character: There is no ƒ in font cmti10!
Missing character: There is no õ in font cmti10!
Missing character: There is no ƒ in font cmti10!
Missing character: There is no õ in font cmti10!
Missing character: There is no , in font nullfont!
Missing character: There is no p in font nullfont!
Missing character: There is no o in font nullfont!
Missing character: There is no k in font nullfont!
Missing character: There is no u in font nullfont!
Missing character: There is no d in font nullfont!
Missing character: There is no p in font nullfont!
Missing character: There is no r in font nullfont!
Missing character: There is no o in font nullfont!
Missing character: There is no k in font nullfont!
Missing character: There is no a in font nullfont!
Missing character: There is no ≈ in font nullfont!
Missing character: There is no æ in font nullfont!
Missing character: There is no d in font nullfont!
Missing character: There is no √ in font nullfont!
Missing character: There is no Ω in font nullfont!
Missing character: There is no o in font nullfont!
Missing character: There is no m in font nullfont!
Missing character: There is no e in font nullfont!
Missing character: There is no z in font nullfont!
Missing character: There is no e in font nullfont!
Missing character: There is no n in font nullfont!
Missing character: There is no √ in font nullfont!
Missing character: There is no Ω in font nullfont!
Missing character: There is no u in font nullfont!
Missing character: There is no z in font nullfont!
Missing character: There is no a in font nullfont!
Missing character: There is no v in font nullfont!
Missing character: There is no ≈ in font nullfont!
Missing character: There is no ô in font nullfont!
Missing character: There is no e in font nullfont!
Missing character: There is no n in font nullfont!
Missing character: There is no √ in font nullfont!
Missing character: There is no Ω in font nullfont!
Missing character: There is no i in font nullfont!
Missing character: There is no n in font nullfont!
Missing character: There is no t in font nullfont!
Missing character: There is no e in font nullfont!
Missing character: There is no r in font nullfont!
Missing character: There is no v in font nullfont!
Missing character: There is no a in font nullfont!
Missing character: There is no l in font nullfont!
Missing character: There is no p in font nullfont!
Missing character: There is no l in font nullfont!
Missing character: There is no a in font nullfont!
Missing character: There is no t in font nullfont!
Missing character: There is no √ in font nullfont!
Missing character: There is no ≠ in font nullfont!
Missing character: There is no : in font nullfont!
! Undefined control sequence.
l.11 ... \subset J$ plat√≠: $f_n \rightrightarrows
                                                   f$ na $[a, b]$. Znaƒç√≠me...
The control sequence at the end of the top line
of your error message was never \def'ed. If you have
misspelled it (e.g., `\hobx'), type `I' and the correct
spelling (e.g., `I\hbox'). Otherwise just continue,
and I'll forget about whatever was undefined.

Missing character: There is no n in font nullfont!
Missing character: There is no a in font nullfont!
Missing character: There is no . in font nullfont!
Missing character: There is no Z in font nullfont!
Missing character: There is no n in font nullfont!
Missing character: There is no a in font nullfont!
Missing character: There is no ƒ in font nullfont!
Missing character: There is no ç in font nullfont!
Missing character: There is no √ in font nullfont!
Missing character: There is no ≠ in font nullfont!
Missing character: There is no m in font nullfont!
Missing character: There is no e in font nullfont!
! Undefined control sequence.
l.11 ...ows f$ na $[a, b]$. Znaƒç√≠me $f_n \conloc
                                                   f$
The control sequence at the end of the top line
of your error message was never \def'ed. If you have
misspelled it (e.g., `\hobx'), type `I' and the correct
spelling (e.g., `I\hbox'). Otherwise just continue,
and I'll forget about whatever was undefined.


Overfull \hbox (45.87187pt too wide) in paragraph at lines 11--12
\OT1/cmr/m/it/10 konverguje
 []


Overfull \hbox (20.44432pt too wide) in paragraph at lines 11--12
\OT1/cmr/m/it/10 lokln
 []


Overfull \hbox (15.58876pt too wide) in paragraph at lines 11--12
\OT1/cmr/m/it/10 ste-
 []


Overfull \hbox (31.81648pt too wide) in paragraph at lines 11--12
\OT1/cmr/m/it/10 jnomrn
 []


Overfull \hbox (30.13304pt too wide) in paragraph at lines 11--12
\OT1/cmr/m/n/10 [\OML/cmm/m/it/10 a; b\OT1/cmr/m/n/10 ] \OMS/cmsy/m/n/10 ^^Z
 []


Overfull \hbox (6.50694pt too wide) in paragraph at lines 11--12
\OML/cmm/m/it/10 J$
 []


Overfull \hbox (16.31145pt too wide) in paragraph at lines 11--12
\OML/cmm/m/it/10 f[]f$
 []


Overfull \hbox (19.57753pt too wide) in paragraph at lines 11--12
\OT1/cmr/m/n/10 [\OML/cmm/m/it/10 a; b\OT1/cmr/m/n/10 ]$
 []


Overfull \hbox (16.31145pt too wide) in paragraph at lines 11--12
\OML/cmm/m/it/10 f[]f$ 
 []


! LaTeX Error: \begin{document} ended by \end{definice}.

See the LaTeX manual or LaTeX Companion for explanation.
Type  H <return>  for immediate help.
 ...                                              
                                                  
l.13 \end{definice}
                   
Your command was ignored.
Type  I <command> <return>  to replace it with another command,
or  <return>  to continue without it.


! LaTeX Error: Environment vetal undefined.

See the LaTeX manual or LaTeX Companion for explanation.
Type  H <return>  for immediate help.
 ...                                              
                                                  
l.15 \begin{vetal}
                  [krit√©rium stejnomƒõrn√© konvergence]
Your command was ignored.
Type  I <command> <return>  to replace it with another command,
or  <return>  to continue without it.

Missing character: There is no [ in font nullfont!
Missing character: There is no k in font nullfont!
Missing character: There is no r in font nullfont!
Missing character: There is no i in font nullfont!
Missing character: There is no t in font nullfont!
Missing character: There is no √ in font nullfont!
Missing character: There is no © in font nullfont!
Missing character: There is no r in font nullfont!
Missing character: There is no i in font nullfont!
Missing character: There is no u in font nullfont!
Missing character: There is no m in font nullfont!
Missing character: There is no s in font nullfont!
Missing character: There is no t in font nullfont!
Missing character: There is no e in font nullfont!
Missing character: There is no j in font nullfont!
Missing character: There is no n in font nullfont!
Missing character: There is no o in font nullfont!
Missing character: There is no m in font nullfont!
Missing character: There is no ƒ in font nullfont!
Missing character: There is no õ in font nullfont!
Missing character: There is no r in font nullfont!
Missing character: There is no n in font nullfont!
Missing character: There is no √ in font nullfont!
Missing character: There is no © in font nullfont!
Missing character: There is no k in font nullfont!
Missing character: There is no o in font nullfont!
Missing character: There is no n in font nullfont!
Missing character: There is no v in font nullfont!
Missing character: There is no e in font nullfont!
Missing character: There is no r in font nullfont!
Missing character: There is no g in font nullfont!
Missing character: There is no e in font nullfont!
Missing character: There is no n in font nullfont!
Missing character: There is no c in font nullfont!
Missing character: There is no e in font nullfont!
Missing character: There is no ] in font nullfont!
Missing character: There is no N in font nullfont!
Missing character: There is no e in font nullfont!
Missing character: There is no c in font nullfont!
Missing character: There is no h in font nullfont!
Missing character: There is no ≈ in font nullfont!
Missing character: There is no • in font nullfont!
! Undefined control sequence.
l.16 Nech≈• $f_n, f:J \rightarrow \mathbb
                                         {R}$ pak
The control sequence at the end of the top line
of your error message was never \def'ed. If you have
misspelled it (e.g., `\hobx'), type `I' and the correct
spelling (e.g., `I\hbox'). Otherwise just continue,
and I'll forget about whatever was undefined.

Missing character: There is no p in font nullfont!
Missing character: There is no a in font nullfont!
Missing character: There is no k in font nullfont!

Overfull \hbox (20.0pt too wide) in paragraph at lines 15--17
[]
 []


Overfull \hbox (26.31136pt too wide) in paragraph at lines 15--17
\OML/cmm/m/it/10 f[]; f \OT1/cmr/m/n/10 :
 []


Overfull \hbox (19.28467pt too wide) in paragraph at lines 15--17
\OML/cmm/m/it/10 J \OMS/cmsy/m/n/10 !
 []


Overfull \hbox (7.67015pt too wide) in paragraph at lines 15--17
\OML/cmm/m/it/10 R$
 []

! Undefined control sequence.
l.17 $$f_n \con
                f na J \Leftrightarrow \lim_{n \rightarrow \inf} \sup \{ |f_...
The control sequence at the end of the top line
of your error message was never \def'ed. If you have
misspelled it (e.g., `\hobx'), type `I' and the correct
spelling (e.g., `I\hbox'). Otherwise just continue,
and I'll forget about whatever was undefined.


Overfull \hbox (208.42705pt too wide) detected at line 17
\OML/cmm/m/it/10 f[]fnaJ \OMS/cmsy/m/n/10 , [] []fj\OML/cmm/m/it/10 f[]\OT1/cmr
/m/n/10 (\OML/cmm/m/it/10 x\OT1/cmr/m/n/10 ) = \OML/cmm/m/it/10 f\OT1/cmr/m/n/1
0 (\OML/cmm/m/it/10 x\OT1/cmr/m/n/10 )\OMS/cmsy/m/n/10 j\OT1/cmr/m/n/10 ; \OML/
cmm/m/it/10 x \OMS/cmsy/m/n/10 2 \OML/cmm/m/it/10 J\OMS/cmsy/m/n/10 g \OT1/cmr/
m/n/10 = 0
 []


! LaTeX Error: \begin{document} ended by \end{vetal}.

See the LaTeX manual or LaTeX Companion for explanation.
Type  H <return>  for immediate help.
 ...                                              
                                                  
l.18 \end{vetal}
                
Your command was ignored.
Type  I <command> <return>  to replace it with another command,
or  <return>  to continue without it.


! LaTeX Error: Environment dukaz undefined.

See the LaTeX manual or LaTeX Companion for explanation.
Type  H <return>  for immediate help.
 ...                                              
                                                  
l.19 \begin{dukaz}
                  
Your command was ignored.
Type  I <command> <return>  to replace it with another command,
or  <return>  to continue without it.

! Undefined control sequence.
l.20 $f_n \rightrightarrows
                            f \leftrightarrow \forall \epsilon > 0 \exists n...
The control sequence at the end of the top line
of your error message was never \def'ed. If you have
misspelled it (e.g., `\hobx'), type `I' and the correct
spelling (e.g., `I\hbox'). Otherwise just continue,
and I'll forget about whatever was undefined.

! Undefined control sequence.
l.20 ...orall \epsilon > 0 \exists n_0 \in \mathbb
                                                  {N} \forall n \geq n_0 \fo...
The control sequence at the end of the top line
of your error message was never \def'ed. If you have
misspelled it (e.g., `\hobx'), type `I' and the correct
spelling (e.g., `I\hbox'). Otherwise just continue,
and I'll forget about whatever was undefined.

! Undefined control sequence.
l.22 $\forall \epsilon > 0 \exists n_0 \in \mathbb
                                                  {N} \forall n \geq n_0 : \...
The control sequence at the end of the top line
of your error message was never \def'ed. If you have
misspelled it (e.g., `\hobx'), type `I' and the correct
spelling (e.g., `I\hbox'). Otherwise just continue,
and I'll forget about whatever was undefined.

! Extra }, or forgotten $.
l.22 ...n_0 : \sup \{ |f_n(x) - f(x) | : x \in J }
                                                   \leq \epsilon$
I've deleted a group-closing symbol because it seems to be
spurious, as in `$x}$'. But perhaps the } is legitimate and
you forgot something else, as in `\hbox{$x}'. In such cases
the way to recover is to insert both the forgotten and the
deleted material, e.g., by typing `I$}'.


! LaTeX Error: Command \Box not provided in base LaTeX2e.

See the LaTeX manual or LaTeX Companion for explanation.
Type  H <return>  for immediate help.
 ...                                              
                                                  
l.25 $\Box
          $
Load the latexsym or the amsfonts package to define this symbol


! LaTeX Error: \begin{document} ended by \end{dukaz}.

See the LaTeX manual or LaTeX Companion for explanation.
Type  H <return>  for immediate help.
 ...                                              
                                                  
l.26 \end{dukaz}
                
Your command was ignored.
Type  I <command> <return>  to replace it with another command,
or  <return>  to continue without it.


Overfull \hbox (29.08917pt too wide) in paragraph at lines 17--27
  $\OML/cmm/m/it/10 f[]f \OMS/cmsy/m/n/10 $
 []


Overfull \hbox (20.17012pt too wide) in paragraph at lines 17--27
\OMS/cmsy/m/n/10 8\OML/cmm/m/it/10 ^^O >
 []


Overfull \hbox (30.48846pt too wide) in paragraph at lines 17--27
\OT1/cmr/m/n/10 0\OMS/cmsy/m/n/10 9\OML/cmm/m/it/10 n[] \OMS/cmsy/m/n/10 2
 []


Overfull \hbox (31.2384pt too wide) in paragraph at lines 17--27
\OML/cmm/m/it/10 N\OMS/cmsy/m/n/10 8\OML/cmm/m/it/10 n \OMS/cmsy/m/n/10 ^^U
 []


Overfull \hbox (31.20372pt too wide) in paragraph at lines 17--27
\OML/cmm/m/it/10 n[]\OMS/cmsy/m/n/10 8\OML/cmm/m/it/10 x \OMS/cmsy/m/n/10 2
 []


Overfull \hbox (12.06244pt too wide) in paragraph at lines 17--27
\OML/cmm/m/it/10 J \OT1/cmr/m/n/10 :
 []


Overfull \hbox (34.38785pt too wide) in paragraph at lines 17--27
\OMS/cmsy/m/n/10 j\OML/cmm/m/it/10 f[]\OT1/cmr/m/n/10 (\OML/cmm/m/it/10 x\OT1/c
mr/m/n/10 ) \OMS/cmsy/m/n/10 ^^@
 []


Overfull \hbox (32.79863pt too wide) in paragraph at lines 17--27
\OML/cmm/m/it/10 f\OT1/cmr/m/n/10 (\OML/cmm/m/it/10 x\OT1/cmr/m/n/10 )\OMS/cmsy
/m/n/10 j \OML/cmm/m/it/10 <
 []


Overfull \hbox (4.05904pt too wide) in paragraph at lines 17--27
\OML/cmm/m/it/10 ^^O$
 []


Overfull \hbox (10.00002pt too wide) in paragraph at lines 17--27
\OMS/cmsy/m/n/10 ,$
 []


Overfull \hbox (20.17012pt too wide) in paragraph at lines 17--27
\OMS/cmsy/m/n/10 8\OML/cmm/m/it/10 ^^O >
 []


Overfull \hbox (30.48846pt too wide) in paragraph at lines 17--27
\OT1/cmr/m/n/10 0\OMS/cmsy/m/n/10 9\OML/cmm/m/it/10 n[] \OMS/cmsy/m/n/10 2
 []


Overfull \hbox (31.2384pt too wide) in paragraph at lines 17--27
\OML/cmm/m/it/10 N\OMS/cmsy/m/n/10 8\OML/cmm/m/it/10 n \OMS/cmsy/m/n/10 ^^U
 []


Overfull \hbox (16.04398pt too wide) in paragraph at lines 17--27
\OML/cmm/m/it/10 n[] \OT1/cmr/m/n/10 :
 []


Overfull \hbox (54.44345pt too wide) in paragraph at lines 17--27
[]\OMS/cmsy/m/n/10 fj\OML/cmm/m/it/10 f[]\OT1/cmr/m/n/10 (\OML/cmm/m/it/10 x\OT
1/cmr/m/n/10 ) \OMS/cmsy/m/n/10 ^^@
 []


Overfull \hbox (27.79861pt too wide) in paragraph at lines 17--27
\OML/cmm/m/it/10 f\OT1/cmr/m/n/10 (\OML/cmm/m/it/10 x\OT1/cmr/m/n/10 )\OMS/cmsy
/m/n/10 j \OT1/cmr/m/n/10 :
 []


Overfull \hbox (15.15967pt too wide) in paragraph at lines 17--27
\OML/cmm/m/it/10 x \OMS/cmsy/m/n/10 2
 []


Overfull \hbox (17.06245pt too wide) in paragraph at lines 17--27
\OML/cmm/m/it/10 J \OMS/cmsy/m/n/10 ^^T
 []


Overfull \hbox (4.05904pt too wide) in paragraph at lines 17--27
\OML/cmm/m/it/10 ^^O$
 []


Overfull \hbox (10.00002pt too wide) in paragraph at lines 17--27
\OMS/cmsy/m/n/10 ,$
 []


Overfull \hbox (164.71829pt too wide) in paragraph at lines 17--27
[][] \OML/cmm/m/it/10 sup[] \OT1/cmr/m/n/10 =
 []


Overfull \hbox (5.00002pt too wide) in paragraph at lines 17--27
\OT1/cmr/m/n/10 0$
 []


! LaTeX Error: Environment vetat undefined.

See the LaTeX manual or LaTeX Companion for explanation.
Type  H <return>  for immediate help.
 ...                                              
                                                  
l.28 \begin{vetat}
                  [Bolzano-Cauchyho podm√≠nka pro stejnomƒõrnou konvergenci]
Your command was ignored.
Type  I <command> <return>  to replace it with another command,
or  <return>  to continue without it.

Missing character: There is no [ in font nullfont!
Missing character: There is no B in font nullfont!
Missing character: There is no o in font nullfont!
Missing character: There is no l in font nullfont!
Missing character: There is no z in font nullfont!
Missing character: There is no a in font nullfont!
Missing character: There is no n in font nullfont!
Missing character: There is no o in font nullfont!
Missing character: There is no - in font nullfont!
Missing character: There is no C in font nullfont!
Missing character: There is no a in font nullfont!
Missing character: There is no u in font nullfont!
Missing character: There is no c in font nullfont!
Missing character: There is no h in font nullfont!
Missing character: There is no y in font nullfont!
Missing character: There is no h in font nullfont!
Missing character: There is no o in font nullfont!
Missing character: There is no p in font nullfont!
Missing character: There is no o in font nullfont!
Missing character: There is no d in font nullfont!
Missing character: There is no m in font nullfont!
Missing character: There is no √ in font nullfont!
Missing character: There is no ≠ in font nullfont!
Missing character: There is no n in font nullfont!
Missing character: There is no k in font nullfont!
Missing character: There is no a in font nullfont!
Missing character: There is no p in font nullfont!
Missing character: There is no r in font nullfont!
Missing character: There is no o in font nullfont!
Missing character: There is no s in font nullfont!
Missing character: There is no t in font nullfont!
Missing character: There is no e in font nullfont!
Missing character: There is no j in font nullfont!
Missing character: There is no n in font nullfont!
Missing character: There is no o in font nullfont!
Missing character: There is no m in font nullfont!
Missing character: There is no ƒ in font nullfont!
Missing character: There is no õ in font nullfont!
Missing character: There is no r in font nullfont!
Missing character: There is no n in font nullfont!
Missing character: There is no o in font nullfont!
Missing character: There is no u in font nullfont!
Missing character: There is no k in font nullfont!
Missing character: There is no o in font nullfont!
Missing character: There is no n in font nullfont!
Missing character: There is no v in font nullfont!
Missing character: There is no e in font nullfont!
Missing character: There is no r in font nullfont!
Missing character: There is no g in font nullfont!
Missing character: There is no e in font nullfont!
Missing character: There is no n in font nullfont!
Missing character: There is no c in font nullfont!
Missing character: There is no i in font nullfont!
Missing character: There is no ] in font nullfont!
Missing character: There is no N in font nullfont!
Missing character: There is no e in font nullfont!
Missing character: There is no c in font nullfont!
Missing character: There is no h in font nullfont!
Missing character: There is no ≈ in font nullfont!
Missing character: There is no • in font nullfont!
! Undefined control sequence.
l.29 Nech≈• $f_n,f : J \rightarrow \mathbb
                                          {R}$. Pak
The control sequence at the end of the top line
of your error message was never \def'ed. If you have
misspelled it (e.g., `\hobx'), type `I' and the correct
spelling (e.g., `I\hbox'). Otherwise just continue,
and I'll forget about whatever was undefined.

Missing character: There is no . in font nullfont!
Missing character: There is no P in font nullfont!
Missing character: There is no a in font nullfont!
Missing character: There is no k in font nullfont!

Overfull \hbox (20.0pt too wide) in paragraph at lines 28--30
[]
 []


Overfull \hbox (26.31136pt too wide) in paragraph at lines 28--30
\OML/cmm/m/it/10 f[]; f \OT1/cmr/m/n/10 :
 []


Overfull \hbox (19.28467pt too wide) in paragraph at lines 28--30
\OML/cmm/m/it/10 J \OMS/cmsy/m/n/10 !
 []


Overfull \hbox (7.67015pt too wide) in paragraph at lines 28--30
\OML/cmm/m/it/10 R$
 []

! Undefined control sequence.
l.30 $$f_n \con
                f na J \Leftrightarrow \forall \epsilon > 0 \exists n_0 \for...
The control sequence at the end of the top line
of your error message was never \def'ed. If you have
misspelled it (e.g., `\hobx'), type `I' and the correct
spelling (e.g., `I\hbox'). Otherwise just continue,
and I'll forget about whatever was undefined.


Overfull \hbox (261.13417pt too wide) detected at line 30
\OML/cmm/m/it/10 f[]fnaJ \OMS/cmsy/m/n/10 , 8\OML/cmm/m/it/10 ^^O > \OT1/cmr/m/
n/10 0\OMS/cmsy/m/n/10 9\OML/cmm/m/it/10 n[]\OMS/cmsy/m/n/10 8\OML/cmm/m/it/10 
m; n \OMS/cmsy/m/n/10 ^^U \OML/cmm/m/it/10 n[]\OMS/cmsy/m/n/10 8\OML/cmm/m/it/1
0 x \OMS/cmsy/m/n/10 2 \OML/cmm/m/it/10 J \OT1/cmr/m/n/10 : \OMS/cmsy/m/n/10 j\
OML/cmm/m/it/10 f[]\OT1/cmr/m/n/10 (\OML/cmm/m/it/10 x\OT1/cmr/m/n/10 ) \OMS/cm
sy/m/n/10 ^^@ \OML/cmm/m/it/10 f[]\OT1/cmr/m/n/10 (\OML/cmm/m/it/10 x\OT1/cmr/m
/n/10 )\OMS/cmsy/m/n/10 j \OML/cmm/m/it/10 < ^^O
 []


! LaTeX Error: \begin{document} ended by \end{vetat}.

See the LaTeX manual or LaTeX Companion for explanation.
Type  H <return>  for immediate help.
 ...                                              
                                                  
l.31 \end{vetat}
                
Your command was ignored.
Type  I <command> <return>  to replace it with another command,
or  <return>  to continue without it.


! LaTeX Error: Environment dukaz undefined.

See the LaTeX manual or LaTeX Companion for explanation.
Type  H <return>  for immediate help.
 ...                                              
                                                  
l.32 \begin{dukaz}
                  
Your command was ignored.
Type  I <command> <return>  to replace it with another command,
or  <return>  to continue without it.

Missing character: There is no " in font nullfont!
Missing character: There is no " in font nullfont!
Missing character: There is no N in font nullfont!
Missing character: There is no e in font nullfont!
Missing character: There is no c in font nullfont!
Missing character: There is no h in font nullfont!
Missing character: There is no ≈ in font nullfont!
Missing character: There is no • in font nullfont!
Missing character: There is no Z in font nullfont!
Missing character: There is no v in font nullfont!
Missing character: There is no o in font nullfont!
Missing character: There is no l in font nullfont!
Missing character: There is no m in font nullfont!
Missing character: There is no e in font nullfont!
Missing character: There is no z in font nullfont!
Missing character: There is no d in font nullfont!
Missing character: There is no e in font nullfont!
Missing character: There is no f in font nullfont!
Missing character: There is no . in font nullfont!
! Undefined control sequence.
l.34 ...Zvolme $n_0$ z def. $f_n \rightrightarrows
                                                   f.$
The control sequence at the end of the top line
of your error message was never \def'ed. If you have
misspelled it (e.g., `\hobx'), type `I' and the correct
spelling (e.g., `I\hbox'). Otherwise just continue,
and I'll forget about whatever was undefined.

Missing character: There is no N in font nullfont!
Missing character: There is no y in font nullfont!
Missing character: There is no n in font nullfont!
Missing character: There is no √ in font nullfont!
Missing character: There is no ≠ in font nullfont!
Missing character: There is no " in font nullfont!
Missing character: There is no " in font nullfont!
Missing character: There is no N in font nullfont!
Missing character: There is no e in font nullfont!
Missing character: There is no c in font nullfont!
Missing character: There is no h in font nullfont!
Missing character: There is no ≈ in font nullfont!
Missing character: There is no • in font nullfont!
Missing character: There is no j in font nullfont!
Missing character: There is no e in font nullfont!
Missing character: There is no p in font nullfont!
Missing character: There is no e in font nullfont!
Missing character: There is no v in font nullfont!
Missing character: There is no n in font nullfont!
Missing character: There is no √ in font nullfont!
Missing character: There is no © in font nullfont!
Missing character: There is no . in font nullfont!
Missing character: There is no P in font nullfont!
Missing character: There is no l in font nullfont!
Missing character: There is no a in font nullfont!
Missing character: There is no t in font nullfont!
Missing character: There is no √ in font nullfont!
Missing character: There is no ≠ in font nullfont!
Missing character: There is no T in font nullfont!
Missing character: There is no e in font nullfont!
Missing character: There is no d in font nullfont!
Missing character: There is no y in font nullfont!
Missing character: There is no p in font nullfont!
Missing character: There is no o in font nullfont!
Missing character: There is no s in font nullfont!
Missing character: There is no l in font nullfont!
Missing character: There is no o in font nullfont!
Missing character: There is no u in font nullfont!
Missing character: There is no p in font nullfont!
Missing character: There is no n in font nullfont!
Missing character: There is no o in font nullfont!
Missing character: There is no s in font nullfont!
Missing character: There is no ≈ in font nullfont!
Missing character: There is no • in font nullfont!
Missing character: There is no s in font nullfont!
Missing character: There is no p in font nullfont!
Missing character: There is no l in font nullfont!
Missing character: There is no ≈ in font nullfont!
Missing character: There is no à in font nullfont!
Missing character: There is no u in font nullfont!
Missing character: There is no j in font nullfont!
Missing character: There is no e in font nullfont!
Missing character: There is no B in font nullfont!
Missing character: There is no C in font nullfont!
Missing character: There is no p in font nullfont!
Missing character: There is no o in font nullfont!
Missing character: There is no d in font nullfont!
Missing character: There is no m in font nullfont!
Missing character: There is no √ in font nullfont!
Missing character: There is no ≠ in font nullfont!
Missing character: There is no n in font nullfont!
Missing character: There is no k in font nullfont!
Missing character: There is no u in font nullfont!
Missing character: There is no p in font nullfont!
Missing character: There is no r in font nullfont!
Missing character: There is no o in font nullfont!
Missing character: There is no k in font nullfont!
Missing character: There is no o in font nullfont!
Missing character: There is no n in font nullfont!
Missing character: There is no v in font nullfont!
Missing character: There is no e in font nullfont!
Missing character: There is no r in font nullfont!
Missing character: There is no g in font nullfont!
Missing character: There is no e in font nullfont!
Missing character: There is no n in font nullfont!
Missing character: There is no c in font nullfont!
Missing character: There is no i in font nullfont!
Missing character: There is no p in font nullfont!
Missing character: There is no o in font nullfont!
Missing character: There is no s in font nullfont!
Missing character: There is no l in font nullfont!
Missing character: There is no o in font nullfont!
Missing character: There is no u in font nullfont!
Missing character: There is no p in font nullfont!
Missing character: There is no n in font nullfont!
Missing character: There is no o in font nullfont!
Missing character: There is no s in font nullfont!
Missing character: There is no t in font nullfont!
Missing character: There is no i in font nullfont!
Missing character: There is no T in font nullfont!
Missing character: There is no e in font nullfont!
Missing character: There is no d in font nullfont!
Missing character: There is no a in font nullfont!
Missing character: There is no e in font nullfont!
Missing character: There is no x in font nullfont!
Missing character: There is no i in font nullfont!
Missing character: There is no s in font nullfont!
Missing character: There is no t in font nullfont!
Missing character: There is no u in font nullfont!
Missing character: There is no j in font nullfont!
Missing character: There is no e in font nullfont!
Missing character: There is no j in font nullfont!
Missing character: There is no e in font nullfont!
Missing character: There is no j in font nullfont!
Missing character: There is no √ in font nullfont!
Missing character: There is no ≠ in font nullfont!
Missing character: There is no l in font nullfont!
Missing character: There is no i in font nullfont!
Missing character: There is no m in font nullfont!
Missing character: There is no i in font nullfont!
Missing character: There is no t in font nullfont!
Missing character: There is no a in font nullfont!
Missing character: There is no , in font nullfont!
Missing character: There is no z in font nullfont!
Missing character: There is no n in font nullfont!
Missing character: There is no . in font nullfont!
Missing character: There is no : in font nullfont!
Missing character: There is no . in font nullfont!
Missing character: There is no V in font nullfont!
Missing character: There is no √ in font nullfont!
Missing character: There is no ≠ in font nullfont!
Missing character: There is no m in font nullfont!
Missing character: There is no e in font nullfont!
! Undefined control sequence.
l.39 ...orall \epsilon > 0 \exists n_0 \in \mathbb
                                                  {N} \forall m,n \geq n_0 \...
The control sequence at the end of the top line
of your error message was never \def'ed. If you have
misspelled it (e.g., `\hobx'), type `I' and the correct
spelling (e.g., `I\hbox'). Otherwise just continue,
and I'll forget about whatever was undefined.

Missing character: There is no P in font nullfont!
Missing character: There is no r in font nullfont!
Missing character: There is no o in font nullfont!
Missing character: There is no v in font nullfont!
Missing character: There is no e in font nullfont!
Missing character: There is no d in font nullfont!
Missing character: There is no m in font nullfont!
Missing character: There is no e in font nullfont!
Missing character: There is no , in font nullfont!
Missing character: There is no d in font nullfont!
Missing character: There is no o in font nullfont!
Missing character: There is no s in font nullfont!
Missing character: There is no t in font nullfont!
Missing character: There is no a in font nullfont!
Missing character: There is no n in font nullfont!
Missing character: There is no e in font nullfont!
Missing character: There is no m in font nullfont!
Missing character: There is no e in font nullfont!
Missing character: There is no : in font nullfont!
! Undefined control sequence.
l.41 ... \ epsilon > 0 \rightarrow n_0 \in \mathbb
                                                  {N} \forall n \geq n_0 \fo...
The control sequence at the end of the top line
of your error message was never \def'ed. If you have
misspelled it (e.g., `\hobx'), type `I' and the correct
spelling (e.g., `I\hbox'). Otherwise just continue,
and I'll forget about whatever was undefined.

! Undefined control sequence.
l.43 $f_n \rightrightarrow
                           f$
The control sequence at the end of the top line
of your error message was never \def'ed. If you have
misspelled it (e.g., `\hobx'), type `I' and the correct
spelling (e.g., `I\hbox'). Otherwise just continue,
and I'll forget about whatever was undefined.


! LaTeX Error: Command \Box not provided in base LaTeX2e.

See the LaTeX manual or LaTeX Companion for explanation.
Type  H <return>  for immediate help.
 ...                                              
                                                  
l.44 $\Box
          $
Load the latexsym or the amsfonts package to define this symbol


! LaTeX Error: \begin{document} ended by \end{dukaz}.

See the LaTeX manual or LaTeX Companion for explanation.
Type  H <return>  for immediate help.
 ...                                              
                                                  
l.45 \end{dukaz}
                
Your command was ignored.
Type  I <command> <return>  to replace it with another command,
or  <return>  to continue without it.


Overfull \hbox (10.00002pt too wide) in paragraph at lines 30--46
  $\OMS/cmsy/m/n/10 )$
 []


Overfull \hbox (14.61455pt too wide) in paragraph at lines 30--46
\OML/cmm/m/it/10 ^^O >
 []


Overfull \hbox (7.7778pt too wide) in paragraph at lines 30--46
\OT1/cmr/m/n/10 0\OML/cmm/m/it/10 :$
 []


Overfull \hbox (10.48848pt too wide) in paragraph at lines 30--46
\OML/cmm/m/it/10 n[]$
 []


Overfull \hbox (18.53368pt too wide) in paragraph at lines 30--46
\OML/cmm/m/it/10 f[]f:$
 []


Overfull \hbox (20.71524pt too wide) in paragraph at lines 30--46
\OMS/cmsy/m/n/10 8\OML/cmm/m/it/10 x \OMS/cmsy/m/n/10 2
 []


Overfull \hbox (41.84492pt too wide) in paragraph at lines 30--46
\OML/cmm/m/it/10 J\OMS/cmsy/m/n/10 9\OML/cmm/m/it/10 m; n \OMS/cmsy/m/n/10 ^^U
 []


Overfull \hbox (44.87633pt too wide) in paragraph at lines 30--46
\OML/cmm/m/it/10 n[]\OMS/cmsy/m/n/10 j\OML/cmm/m/it/10 f[]\OT1/cmr/m/n/10 (\OML
/cmm/m/it/10 x\OT1/cmr/m/n/10 ) \OMS/cmsy/m/n/10 ^^@
 []


Overfull \hbox (39.31834pt too wide) in paragraph at lines 30--46
\OML/cmm/m/it/10 f[]\OT1/cmr/m/n/10 (\OML/cmm/m/it/10 x\OT1/cmr/m/n/10 )\OMS/cm
sy/m/n/10 j ^^T
 []


Overfull \hbox (34.38785pt too wide) in paragraph at lines 30--46
\OMS/cmsy/m/n/10 j\OML/cmm/m/it/10 f[]\OT1/cmr/m/n/10 (\OML/cmm/m/it/10 x\OT1/c
mr/m/n/10 ) \OMS/cmsy/m/n/10 ^^@
 []


Overfull \hbox (30.02092pt too wide) in paragraph at lines 30--46
\OML/cmm/m/it/10 f\OT1/cmr/m/n/10 (\OML/cmm/m/it/10 x\OT1/cmr/m/n/10 )\OMS/cmsy
/m/n/10 j \OT1/cmr/m/n/10 +
 []


Overfull \hbox (30.02092pt too wide) in paragraph at lines 30--46
\OMS/cmsy/m/n/10 j\OML/cmm/m/it/10 f\OT1/cmr/m/n/10 (\OML/cmm/m/it/10 x\OT1/cmr
/m/n/10 ) \OMS/cmsy/m/n/10 ^^@
 []


Overfull \hbox (39.31834pt too wide) in paragraph at lines 30--46
\OML/cmm/m/it/10 f[]\OT1/cmr/m/n/10 (\OML/cmm/m/it/10 x\OT1/cmr/m/n/10 )\OMS/cm
sy/m/n/10 j \OML/cmm/m/it/10 <
 []


Overfull \hbox (11.83684pt too wide) in paragraph at lines 30--46
\OML/cmm/m/it/10 ^^O \OT1/cmr/m/n/10 +
 []


Overfull \hbox (4.05904pt too wide) in paragraph at lines 30--46
\OML/cmm/m/it/10 ^^O$
 []


Overfull \hbox (10.00002pt too wide) in paragraph at lines 30--46
\OMS/cmsy/m/n/10 ($
 []


Overfull \hbox (15.15967pt too wide) in paragraph at lines 30--46
\OML/cmm/m/it/10 x \OMS/cmsy/m/n/10 2
 []


Overfull \hbox (6.50694pt too wide) in paragraph at lines 30--46
\OML/cmm/m/it/10 J$
 []


Overfull \hbox (20.17012pt too wide) in paragraph at lines 30--46
\OMS/cmsy/m/n/10 8\OML/cmm/m/it/10 ^^O >
 []


Overfull \hbox (30.48846pt too wide) in paragraph at lines 30--46
\OT1/cmr/m/n/10 0\OMS/cmsy/m/n/10 9\OML/cmm/m/it/10 n[] \OMS/cmsy/m/n/10 2
 []


Overfull \hbox (76.48499pt too wide) in paragraph at lines 30--46
\OML/cmm/m/it/10 mathbbN\OMS/cmsy/m/n/10 8\OML/cmm/m/it/10 m; n \OMS/cmsy/m/n/1
0 ^^U
 []


Overfull \hbox (44.87633pt too wide) in paragraph at lines 30--46
\OML/cmm/m/it/10 n[]\OMS/cmsy/m/n/10 j\OML/cmm/m/it/10 f[]\OT1/cmr/m/n/10 (\OML
/cmm/m/it/10 x\OT1/cmr/m/n/10 ) \OMS/cmsy/m/n/10 ^^@
 []


Overfull \hbox (39.31834pt too wide) in paragraph at lines 30--46
\OML/cmm/m/it/10 f[]\OT1/cmr/m/n/10 (\OML/cmm/m/it/10 x\OT1/cmr/m/n/10 )\OMS/cm
sy/m/n/10 j \OML/cmm/m/it/10 <
 []


Overfull \hbox (4.05904pt too wide) in paragraph at lines 30--46
\OML/cmm/m/it/10 ^^O$
 []


Overfull \hbox (39.40063pt too wide) in paragraph at lines 30--46
[][]$
 []


Overfull \hbox (19.46533pt too wide) in paragraph at lines 30--46
\OML/cmm/m/it/10 f\OT1/cmr/m/n/10 (\OML/cmm/m/it/10 x\OT1/cmr/m/n/10 )$
 []


Overfull \hbox (20.17012pt too wide) in paragraph at lines 30--46
\OMS/cmsy/m/n/10 8\OML/cmm/m/it/10 ^^O >
 []


Overfull \hbox (30.48846pt too wide) in paragraph at lines 30--46
\OT1/cmr/m/n/10 0\OMS/cmsy/m/n/10 9\OML/cmm/m/it/10 n[] \OMS/cmsy/m/n/10 2
 []


Overfull \hbox (44.46295pt too wide) in paragraph at lines 30--46
\OML/cmm/m/it/10 N\OMS/cmsy/m/n/10 8\OML/cmm/m/it/10 m; n \OMS/cmsy/m/n/10 ^^U
 []


Overfull \hbox (31.20372pt too wide) in paragraph at lines 30--46
\OML/cmm/m/it/10 n[]\OMS/cmsy/m/n/10 8\OML/cmm/m/it/10 x \OMS/cmsy/m/n/10 2
 []


Overfull \hbox (12.06244pt too wide) in paragraph at lines 30--46
\OML/cmm/m/it/10 J \OT1/cmr/m/n/10 :
 []


Overfull \hbox (34.38785pt too wide) in paragraph at lines 30--46
\OMS/cmsy/m/n/10 j\OML/cmm/m/it/10 f[]\OT1/cmr/m/n/10 (\OML/cmm/m/it/10 x\OT1/c
mr/m/n/10 ) \OMS/cmsy/m/n/10 ^^@
 []


Overfull \hbox (39.31834pt too wide) in paragraph at lines 30--46
\OML/cmm/m/it/10 f[]\OT1/cmr/m/n/10 (\OML/cmm/m/it/10 x\OT1/cmr/m/n/10 )\OMS/cm
sy/m/n/10 j \OML/cmm/m/it/10 <
 []


Overfull \hbox (4.05904pt too wide) in paragraph at lines 30--46
\OML/cmm/m/it/10 ^^O$
 []


Overfull \hbox (36.79366pt too wide) in paragraph at lines 30--46
\OML/cmm/m/it/10 lim[]$
 []


Overfull \hbox (47.96138pt too wide) in paragraph at lines 30--46
\OMS/cmsy/m/n/10 8 \OML/cmm/m/it/10 epsilon >
 []


Overfull \hbox (17.77774pt too wide) in paragraph at lines 30--46
\OT1/cmr/m/n/10 0 \OMS/cmsy/m/n/10 !
 []


Overfull \hbox (19.93288pt too wide) in paragraph at lines 30--46
\OML/cmm/m/it/10 n[] \OMS/cmsy/m/n/10 2
 []


Overfull \hbox (31.2384pt too wide) in paragraph at lines 30--46
\OML/cmm/m/it/10 N\OMS/cmsy/m/n/10 8\OML/cmm/m/it/10 n \OMS/cmsy/m/n/10 ^^U
 []


Overfull \hbox (43.26924pt too wide) in paragraph at lines 30--46
\OML/cmm/m/it/10 n[]\OMS/cmsy/m/n/10 8\OML/cmm/m/it/10 x inJ \OT1/cmr/m/n/10 :
 []


Overfull \hbox (34.38785pt too wide) in paragraph at lines 30--46
\OMS/cmsy/m/n/10 j\OML/cmm/m/it/10 f[]\OT1/cmr/m/n/10 (\OML/cmm/m/it/10 x\OT1/c
mr/m/n/10 ) \OMS/cmsy/m/n/10 ^^@
 []


Overfull \hbox (32.79863pt too wide) in paragraph at lines 30--46
\OML/cmm/m/it/10 f\OT1/cmr/m/n/10 (\OML/cmm/m/it/10 x\OT1/cmr/m/n/10 )\OMS/cmsy
/m/n/10 j ^^T
 []


Overfull \hbox (4.05904pt too wide) in paragraph at lines 30--46
\OML/cmm/m/it/10 ^^O$
 []


Overfull \hbox (10.00002pt too wide) in paragraph at lines 30--46
\OMS/cmsy/m/n/10 )$
 []


Overfull \hbox (16.31145pt too wide) in paragraph at lines 30--46
\OML/cmm/m/it/10 f[]f$
 []


! LaTeX Error: Environment vetat undefined.

See the LaTeX manual or LaTeX Companion for explanation.
Type  H <return>  for immediate help.
 ...                                              
                                                  
l.47 \begin{vetat}
                  [Moore-Osgood]
Your command was ignored.
Type  I <command> <return>  to replace it with another command,
or  <return>  to continue without it.

Missing character: There is no [ in font nullfont!
Missing character: There is no M in font nullfont!
Missing character: There is no o in font nullfont!
Missing character: There is no o in font nullfont!
Missing character: There is no r in font nullfont!
Missing character: There is no e in font nullfont!
Missing character: There is no - in font nullfont!
Missing character: There is no O in font nullfont!
Missing character: There is no s in font nullfont!
Missing character: There is no g in font nullfont!
Missing character: There is no o in font nullfont!
Missing character: There is no o in font nullfont!
Missing character: There is no d in font nullfont!
Missing character: There is no ] in font nullfont!
Missing character: There is no N in font nullfont!
Missing character: There is no e in font nullfont!
Missing character: There is no c in font nullfont!
Missing character: There is no h in font nullfont!
Missing character: There is no ≈ in font nullfont!
Missing character: There is no • in font nullfont!
Missing character: There is no j in font nullfont!
Missing character: There is no e in font nullfont!
Missing character: There is no k in font nullfont!
Missing character: There is no r in font nullfont!
Missing character: There is no a in font nullfont!
Missing character: There is no j in font nullfont!
Missing character: There is no n in font nullfont!
Missing character: There is no √ in font nullfont!
Missing character: There is no ≠ in font nullfont!
Missing character: There is no b in font nullfont!
Missing character: There is no o in font nullfont!
Missing character: There is no d in font nullfont!
Missing character: There is no i in font nullfont!
Missing character: There is no n in font nullfont!
Missing character: There is no t in font nullfont!
Missing character: There is no e in font nullfont!
Missing character: There is no r in font nullfont!
Missing character: There is no v in font nullfont!
Missing character: There is no a in font nullfont!
Missing character: There is no l in font nullfont!
Missing character: There is no u in font nullfont!
Missing character: There is no J in font nullfont!
Missing character: There is no ( in font nullfont!
Missing character: There is no m in font nullfont!
Missing character: There is no ≈ in font nullfont!
Missing character: There is no Ø in font nullfont!
Missing character: There is no ≈ in font nullfont!
Missing character: There is no æ in font nullfont!
Missing character: There is no e in font nullfont!
Missing character: There is no b in font nullfont!
Missing character: There is no √ in font nullfont!
Missing character: There is no Ω in font nullfont!
Missing character: There is no t in font nullfont!
Missing character: There is no i in font nullfont!
Missing character: There is no ) in font nullfont!
Missing character: There is no . in font nullfont!
Missing character: There is no N in font nullfont!
Missing character: There is no e in font nullfont!
Missing character: There is no c in font nullfont!
Missing character: There is no h in font nullfont!
Missing character: There is no ≈ in font nullfont!
Missing character: There is no • in font nullfont!
! Undefined control sequence.
l.48 ...$). Nech≈• $f, f_n : J \rightarrow \mathbb
                                                  {R}$ spl≈àuj√≠
The control sequence at the end of the top line
of your error message was never \def'ed. If you have
misspelled it (e.g., `\hobx'), type `I' and the correct
spelling (e.g., `I\hbox'). Otherwise just continue,
and I'll forget about whatever was undefined.

Missing character: There is no s in font nullfont!
Missing character: There is no p in font nullfont!
Missing character: There is no l in font nullfont!
Missing character: There is no ≈ in font nullfont!
Missing character: There is no à in font nullfont!
Missing character: There is no u in font nullfont!
Missing character: There is no j in font nullfont!
Missing character: There is no √ in font nullfont!
Missing character: There is no ≠ in font nullfont!

Overfull \hbox (20.0pt too wide) in paragraph at lines 47--49
[]
 []


Overfull \hbox (10.2014pt too wide) in paragraph at lines 47--49
\OML/cmm/m/it/10 x[]$
 []


Overfull \hbox (17.77782pt too wide) in paragraph at lines 47--49
\OMS/cmsy/m/n/10 ^^F1$
 []


Overfull \hbox (25.7558pt too wide) in paragraph at lines 47--49
\OML/cmm/m/it/10 f; f[] \OT1/cmr/m/n/10 :
 []


Overfull \hbox (19.28467pt too wide) in paragraph at lines 47--49
\OML/cmm/m/it/10 J \OMS/cmsy/m/n/10 !
 []


Overfull \hbox (7.67015pt too wide) in paragraph at lines 47--49
\OML/cmm/m/it/10 R$ 
 []

! Undefined control sequence.
l.50 \item $f_n \con
                     f$ na $J$,
The control sequence at the end of the top line
of your error message was never \def'ed. If you have
misspelled it (e.g., `\hobx'), type `I' and the correct
spelling (e.g., `I\hbox'). Otherwise just continue,
and I'll forget about whatever was undefined.

Missing character: There is no n in font nullfont!
Missing character: There is no a in font nullfont!
Missing character: There is no , in font nullfont!

Overfull \hbox (16.31145pt too wide) in paragraph at lines 50--51
\OML/cmm/m/it/10 f[]f$
 []


Overfull \hbox (6.50694pt too wide) in paragraph at lines 50--51
\OML/cmm/m/it/10 J$ 
 []

Missing character: There is no e in font nullfont!
Missing character: There is no x in font nullfont!
Missing character: There is no i in font nullfont!
Missing character: There is no s in font nullfont!
Missing character: There is no t in font nullfont!
Missing character: There is no u in font nullfont!
Missing character: There is no j in font nullfont!
Missing character: There is no e in font nullfont!
! Undefined control sequence.
l.51 ... \rightarrow x_0} f_n(x) = a_n \in \mathbb
                                                  {R}$ pro v≈°echna $n \in \...
The control sequence at the end of the top line
of your error message was never \def'ed. If you have
misspelled it (e.g., `\hobx'), type `I' and the correct
spelling (e.g., `I\hbox'). Otherwise just continue,
and I'll forget about whatever was undefined.

Missing character: There is no p in font nullfont!
Missing character: There is no r in font nullfont!
Missing character: There is no o in font nullfont!
Missing character: There is no v in font nullfont!
Missing character: There is no ≈ in font nullfont!
Missing character: There is no ° in font nullfont!
Missing character: There is no e in font nullfont!
Missing character: There is no c in font nullfont!
Missing character: There is no h in font nullfont!
Missing character: There is no n in font nullfont!
Missing character: There is no a in font nullfont!
! Undefined control sequence.
l.51 ...in \mathbb{R}$ pro v≈°echna $n \in \mathbb
                                                  {N}$
The control sequence at the end of the top line
of your error message was never \def'ed. If you have
misspelled it (e.g., `\hobx'), type `I' and the correct
spelling (e.g., `I\hbox'). Otherwise just continue,
and I'll forget about whatever was undefined.


Overfull \hbox (71.38786pt too wide) in paragraph at lines 51--52
[][] \OML/cmm/m/it/10 f[]\OT1/cmr/m/n/10 (\OML/cmm/m/it/10 x\OT1/cmr/m/n/10 ) =

 []


Overfull \hbox (20.17361pt too wide) in paragraph at lines 51--52
\OML/cmm/m/it/10 a[] \OMS/cmsy/m/n/10 2
 []


Overfull \hbox (7.67015pt too wide) in paragraph at lines 51--52
\OML/cmm/m/it/10 R$
 []


Overfull \hbox (15.44675pt too wide) in paragraph at lines 51--52
\OML/cmm/m/it/10 n \OMS/cmsy/m/n/10 2
 []


Overfull \hbox (9.12497pt too wide) in paragraph at lines 51--52
\OML/cmm/m/it/10 N$ 
 []


! LaTeX Error: The font size command \normalsize is not defined:
               there is probably something wrong with the class file.

See the LaTeX manual or LaTeX Companion for explanation.
Type  H <return>  for immediate help.
 ...                                              
                                                  
l.52 \end{enumerate}
                    
Your command was ignored.
Type  I <command> <return>  to replace it with another command,
or  <return>  to continue without it.

[1{/usr/local/texlive/2012/texmf-var/fonts/map/pdftex/updmap/pdftex.map}]
Missing character: There is no P in font nullfont!
Missing character: There is no a in font nullfont!
Missing character: There is no k in font nullfont!
Missing character: There is no e in font nullfont!
Missing character: There is no x in font nullfont!
Missing character: There is no i in font nullfont!
Missing character: There is no s in font nullfont!
Missing character: There is no t in font nullfont!
Missing character: There is no u in font nullfont!
Missing character: There is no j in font nullfont!
Missing character: There is no √ in font nullfont!
Missing character: There is no ≠ in font nullfont!
Missing character: There is no a in font nullfont!
Missing character: There is no a in font nullfont!
Missing character: There is no j in font nullfont!
Missing character: There is no s in font nullfont!
Missing character: There is no o in font nullfont!
Missing character: There is no u in font nullfont!
Missing character: There is no s in font nullfont!
Missing character: There is no i in font nullfont!
Missing character: There is no r in font nullfont!
Missing character: There is no o in font nullfont!
Missing character: There is no v in font nullfont!
Missing character: There is no n in font nullfont!
Missing character: There is no y in font nullfont!
Missing character: There is no , in font nullfont!
Missing character: There is no n in font nullfont!
Missing character: There is no e in font nullfont!
Missing character: There is no b in font nullfont!
Missing character: There is no o in font nullfont!
Missing character: There is no l in font nullfont!
Missing character: There is no i in font nullfont!
Missing character: There is no : in font nullfont!

Overfull \hbox (47.67259pt too wide) in paragraph at lines 53--54
  $[][] \OML/cmm/m/it/10 a[]$
 []


Overfull \hbox (56.46542pt too wide) in paragraph at lines 53--54
[][] \OML/cmm/m/it/10 f\OT1/cmr/m/n/10 (\OML/cmm/m/it/10 x\OT1/cmr/m/n/10 )$
 []


Overfull \hbox (151.32895pt too wide) detected at line 54
[] [] \OML/cmm/m/it/10 f[]\OT1/cmr/m/n/10 (\OML/cmm/m/it/10 x\OT1/cmr/m/n/10 ) 
= [] [] \OML/cmm/m/it/10 f[]\OT1/cmr/m/n/10 (\OML/cmm/m/it/10 x\OT1/cmr/m/n/10 
)
 []


! LaTeX Error: \begin{document} ended by \end{vetat}.

See the LaTeX manual or LaTeX Companion for explanation.
Type  H <return>  for immediate help.
 ...                                              
                                                  
l.55 \end{vetat}
                
Your command was ignored.
Type  I <command> <return>  to replace it with another command,
or  <return>  to continue without it.


! LaTeX Error: Environment dusledek undefined.

See the LaTeX manual or LaTeX Companion for explanation.
Type  H <return>  for immediate help.
 ...                                              
                                                  
l.57 \begin{dusledek}
                     
Your command was ignored.
Type  I <command> <return>  to replace it with another command,
or  <return>  to continue without it.

Missing character: There is no N in font nullfont!
Missing character: There is no e in font nullfont!
Missing character: There is no c in font nullfont!
Missing character: There is no h in font nullfont!
Missing character: There is no ≈ in font nullfont!
Missing character: There is no • in font nullfont!
! Undefined control sequence.
l.58 Nech≈• $f_n \con
                      f$ na $I$ a nech≈• $f_n$ jsou na $I$ spojit√©. Pak $f$...
The control sequence at the end of the top line
of your error message was never \def'ed. If you have
misspelled it (e.g., `\hobx'), type `I' and the correct
spelling (e.g., `I\hbox'). Otherwise just continue,
and I'll forget about whatever was undefined.

Missing character: There is no n in font nullfont!
Missing character: There is no a in font nullfont!
Missing character: There is no a in font nullfont!
Missing character: There is no n in font nullfont!
Missing character: There is no e in font nullfont!
Missing character: There is no c in font nullfont!
Missing character: There is no h in font nullfont!
Missing character: There is no ≈ in font nullfont!
Missing character: There is no • in font nullfont!
Missing character: There is no j in font nullfont!
Missing character: There is no s in font nullfont!
Missing character: There is no o in font nullfont!
Missing character: There is no u in font nullfont!
Missing character: There is no n in font nullfont!
Missing character: There is no a in font nullfont!
Missing character: There is no s in font nullfont!
Missing character: There is no p in font nullfont!
Missing character: There is no o in font nullfont!
Missing character: There is no j in font nullfont!
Missing character: There is no i in font nullfont!
Missing character: There is no t in font nullfont!
Missing character: There is no √ in font nullfont!
Missing character: There is no © in font nullfont!
Missing character: There is no . in font nullfont!
Missing character: There is no P in font nullfont!
Missing character: There is no a in font nullfont!
Missing character: There is no k in font nullfont!
Missing character: There is no j in font nullfont!
Missing character: There is no e in font nullfont!
Missing character: There is no s in font nullfont!
Missing character: There is no p in font nullfont!
Missing character: There is no o in font nullfont!
Missing character: There is no j in font nullfont!
Missing character: There is no i in font nullfont!
Missing character: There is no t in font nullfont!
Missing character: There is no √ in font nullfont!
Missing character: There is no ° in font nullfont!
Missing character: There is no n in font nullfont!
Missing character: There is no a in font nullfont!
Missing character: There is no . in font nullfont!

! LaTeX Error: \begin{document} ended by \end{dusledek}.

See the LaTeX manual or LaTeX Companion for explanation.
Type  H <return>  for immediate help.
 ...                                              
                                                  
l.59 \end{dusledek}
                   
Your command was ignored.
Type  I <command> <return>  to replace it with another command,
or  <return>  to continue without it.


Overfull \hbox (20.0pt too wide) in paragraph at lines 58--60
[]
 []


Overfull \hbox (16.31145pt too wide) in paragraph at lines 58--60
\OML/cmm/m/it/10 f[]f$
 []


Overfull \hbox (5.18054pt too wide) in paragraph at lines 58--60
\OML/cmm/m/it/10 I$
 []


Overfull \hbox (10.33919pt too wide) in paragraph at lines 58--60
\OML/cmm/m/it/10 f[]$
 []


Overfull \hbox (5.18054pt too wide) in paragraph at lines 58--60
\OML/cmm/m/it/10 I$
 []


Overfull \hbox (5.97226pt too wide) in paragraph at lines 58--60
\OML/cmm/m/it/10 f$
 []


Overfull \hbox (5.18054pt too wide) in paragraph at lines 58--60
\OML/cmm/m/it/10 I$
 []


! LaTeX Error: Environment vetal undefined.

See the LaTeX manual or LaTeX Companion for explanation.
Type  H <return>  for immediate help.
 ...                                              
                                                  
l.61 \begin{vetal}
                  [o z√°mƒõnƒõ limity a integr√°lu]
Your command was ignored.
Type  I <command> <return>  to replace it with another command,
or  <return>  to continue without it.

Missing character: There is no [ in font nullfont!
Missing character: There is no o in font nullfont!
Missing character: There is no z in font nullfont!
Missing character: There is no √ in font nullfont!
Missing character: There is no ° in font nullfont!
Missing character: There is no m in font nullfont!
Missing character: There is no ƒ in font nullfont!
Missing character: There is no õ in font nullfont!
Missing character: There is no n in font nullfont!
Missing character: There is no ƒ in font nullfont!
Missing character: There is no õ in font nullfont!
Missing character: There is no l in font nullfont!
Missing character: There is no i in font nullfont!
Missing character: There is no m in font nullfont!
Missing character: There is no i in font nullfont!
Missing character: There is no t in font nullfont!
Missing character: There is no y in font nullfont!
Missing character: There is no a in font nullfont!
Missing character: There is no i in font nullfont!
Missing character: There is no n in font nullfont!
Missing character: There is no t in font nullfont!
Missing character: There is no e in font nullfont!
Missing character: There is no g in font nullfont!
Missing character: There is no r in font nullfont!
Missing character: There is no √ in font nullfont!
Missing character: There is no ° in font nullfont!
Missing character: There is no l in font nullfont!
Missing character: There is no u in font nullfont!
Missing character: There is no ] in font nullfont!
Missing character: There is no N in font nullfont!
Missing character: There is no e in font nullfont!
Missing character: There is no c in font nullfont!
Missing character: There is no h in font nullfont!
Missing character: There is no ≈ in font nullfont!
Missing character: There is no • in font nullfont!
Missing character: There is no f in font nullfont!
Missing character: There is no u in font nullfont!
Missing character: There is no n in font nullfont!
Missing character: There is no k in font nullfont!
Missing character: There is no c in font nullfont!
Missing character: There is no e in font nullfont!
! Undefined control sequence.
l.62 Nech≈• funkce $f_n \con
                             f$ na $[a,b]$ a nech≈• $f_n \in \mathbb{R} ([a,...
The control sequence at the end of the top line
of your error message was never \def'ed. If you have
misspelled it (e.g., `\hobx'), type `I' and the correct
spelling (e.g., `I\hbox'). Otherwise just continue,
and I'll forget about whatever was undefined.

Missing character: There is no n in font nullfont!
Missing character: There is no a in font nullfont!
Missing character: There is no a in font nullfont!
Missing character: There is no n in font nullfont!
Missing character: There is no e in font nullfont!
Missing character: There is no c in font nullfont!
Missing character: There is no h in font nullfont!
Missing character: There is no ≈ in font nullfont!
Missing character: There is no • in font nullfont!
! Undefined control sequence.
l.62 ...on f$ na $[a,b]$ a nech≈• $f_n \in \mathbb
                                                  {R} ([a,b])$. Pak $f \in \...
The control sequence at the end of the top line
of your error message was never \def'ed. If you have
misspelled it (e.g., `\hobx'), type `I' and the correct
spelling (e.g., `I\hbox'). Otherwise just continue,
and I'll forget about whatever was undefined.

Missing character: There is no . in font nullfont!
Missing character: There is no P in font nullfont!
Missing character: There is no a in font nullfont!
Missing character: There is no k in font nullfont!
! Undefined control sequence.
l.62 ...in \mathbb{R} ([a,b])$. Pak $f \in \mathbb
                                                  {R}([a,b])$ a
The control sequence at the end of the top line
of your error message was never \def'ed. If you have
misspelled it (e.g., `\hobx'), type `I' and the correct
spelling (e.g., `I\hbox'). Otherwise just continue,
and I'll forget about whatever was undefined.

Missing character: There is no a in font nullfont!

Overfull \hbox (20.0pt too wide) in paragraph at lines 61--63
[]
 []


Overfull \hbox (16.31145pt too wide) in paragraph at lines 61--63
\OML/cmm/m/it/10 f[]f$
 []


Overfull \hbox (19.57753pt too wide) in paragraph at lines 61--63
\OT1/cmr/m/n/10 [\OML/cmm/m/it/10 a; b\OT1/cmr/m/n/10 ]$
 []


Overfull \hbox (19.78358pt too wide) in paragraph at lines 61--63
\OML/cmm/m/it/10 f[] \OMS/cmsy/m/n/10 2
 []


Overfull \hbox (35.02548pt too wide) in paragraph at lines 61--63
\OML/cmm/m/it/10 R\OT1/cmr/m/n/10 ([\OML/cmm/m/it/10 a; b\OT1/cmr/m/n/10 ])$
 []


Overfull \hbox (15.41666pt too wide) in paragraph at lines 61--63
\OML/cmm/m/it/10 f \OMS/cmsy/m/n/10 2
 []


Overfull \hbox (35.02548pt too wide) in paragraph at lines 61--63
\OML/cmm/m/it/10 R\OT1/cmr/m/n/10 ([\OML/cmm/m/it/10 a; b\OT1/cmr/m/n/10 ])$
 []


Overfull \hbox (164.95467pt too wide) detected at line 63
\OT1/cmr/m/n/10 (\OML/cmm/m/it/10 R\OT1/cmr/m/n/10 ) [][] \OML/cmm/m/it/10 f\OT
1/cmr/m/n/10 (\OML/cmm/m/it/10 x\OT1/cmr/m/n/10 )\OML/cmm/m/it/10 dx \OT1/cmr/m
/n/10 = [](\OML/cmm/m/it/10 R\OT1/cmr/m/n/10 ) [][] \OML/cmm/m/it/10 f[]\OT1/cm
r/m/n/10 (\OML/cmm/m/it/10 x\OT1/cmr/m/n/10 )\OML/cmm/m/it/10 dx
 []


! LaTeX Error: \begin{document} ended by \end{vetal}.

See the LaTeX manual or LaTeX Companion for explanation.
Type  H <return>  for immediate help.
 ...                                              
                                                  
l.64 \end{vetal}
                
Your command was ignored.
Type  I <command> <return>  to replace it with another command,
or  <return>  to continue without it.


! LaTeX Error: Environment vetat undefined.

See the LaTeX manual or LaTeX Companion for explanation.
Type  H <return>  for immediate help.
 ...                                              
                                                  
l.66 \begin{vetat}
                  [o z√°mƒõnƒõ limity a derivace]
Your command was ignored.
Type  I <command> <return>  to replace it with another command,
or  <return>  to continue without it.

Missing character: There is no [ in font nullfont!
Missing character: There is no o in font nullfont!
Missing character: There is no z in font nullfont!
Missing character: There is no √ in font nullfont!
Missing character: There is no ° in font nullfont!
Missing character: There is no m in font nullfont!
Missing character: There is no ƒ in font nullfont!
Missing character: There is no õ in font nullfont!
Missing character: There is no n in font nullfont!
Missing character: There is no ƒ in font nullfont!
Missing character: There is no õ in font nullfont!
Missing character: There is no l in font nullfont!
Missing character: There is no i in font nullfont!
Missing character: There is no m in font nullfont!
Missing character: There is no i in font nullfont!
Missing character: There is no t in font nullfont!
Missing character: There is no y in font nullfont!
Missing character: There is no a in font nullfont!
Missing character: There is no d in font nullfont!
Missing character: There is no e in font nullfont!
Missing character: There is no r in font nullfont!
Missing character: There is no i in font nullfont!
Missing character: There is no v in font nullfont!
Missing character: There is no a in font nullfont!
Missing character: There is no c in font nullfont!
Missing character: There is no e in font nullfont!
Missing character: There is no ] in font nullfont!
Missing character: There is no N in font nullfont!
Missing character: There is no e in font nullfont!
Missing character: There is no c in font nullfont!
Missing character: There is no h in font nullfont!
Missing character: There is no ≈ in font nullfont!
Missing character: There is no • in font nullfont!
Missing character: There is no f in font nullfont!
Missing character: There is no u in font nullfont!
Missing character: There is no n in font nullfont!
Missing character: There is no k in font nullfont!
Missing character: There is no c in font nullfont!
Missing character: There is no e in font nullfont!
Missing character: There is no , in font nullfont!
! Undefined control sequence.
l.67 Nech≈• funkce $f_n$, $n \in \mathbb
                                        {N}$, maj√≠ vlastn√≠ derivaci na int...
The control sequence at the end of the top line
of your error message was never \def'ed. If you have
misspelled it (e.g., `\hobx'), type `I' and the correct
spelling (e.g., `I\hbox'). Otherwise just continue,
and I'll forget about whatever was undefined.

Missing character: There is no , in font nullfont!
Missing character: There is no m in font nullfont!
Missing character: There is no a in font nullfont!
Missing character: There is no j in font nullfont!
Missing character: There is no √ in font nullfont!
Missing character: There is no ≠ in font nullfont!
Missing character: There is no v in font nullfont!
Missing character: There is no l in font nullfont!
Missing character: There is no a in font nullfont!
Missing character: There is no s in font nullfont!
Missing character: There is no t in font nullfont!
Missing character: There is no n in font nullfont!
Missing character: There is no √ in font nullfont!
Missing character: There is no ≠ in font nullfont!
Missing character: There is no d in font nullfont!
Missing character: There is no e in font nullfont!
Missing character: There is no r in font nullfont!
Missing character: There is no i in font nullfont!
Missing character: There is no v in font nullfont!
Missing character: There is no a in font nullfont!
Missing character: There is no c in font nullfont!
Missing character: There is no i in font nullfont!
Missing character: There is no n in font nullfont!
Missing character: There is no a in font nullfont!
Missing character: There is no i in font nullfont!
Missing character: There is no n in font nullfont!
Missing character: There is no t in font nullfont!
Missing character: There is no e in font nullfont!
Missing character: There is no r in font nullfont!
Missing character: There is no v in font nullfont!
Missing character: There is no a in font nullfont!
Missing character: There is no l in font nullfont!
Missing character: There is no u in font nullfont!
Missing character: There is no a in font nullfont!
Missing character: There is no n in font nullfont!
Missing character: There is no e in font nullfont!
Missing character: There is no c in font nullfont!
Missing character: There is no h in font nullfont!
Missing character: There is no ≈ in font nullfont!
Missing character: There is no • in font nullfont!
Missing character: There is no : in font nullfont!

Overfull \hbox (20.0pt too wide) in paragraph at lines 66--68
[]
 []


Overfull \hbox (10.33919pt too wide) in paragraph at lines 66--68
\OML/cmm/m/it/10 f[]$
 []


Overfull \hbox (15.44675pt too wide) in paragraph at lines 66--68
\OML/cmm/m/it/10 n \OMS/cmsy/m/n/10 2
 []


Overfull \hbox (9.12497pt too wide) in paragraph at lines 66--68
\OML/cmm/m/it/10 N$
 []


Overfull \hbox (21.79976pt too wide) in paragraph at lines 66--68
\OT1/cmr/m/n/10 (\OML/cmm/m/it/10 a; b\OT1/cmr/m/n/10 )$
 []

Missing character: There is no e in font nullfont!
Missing character: There is no x in font nullfont!
Missing character: There is no i in font nullfont!
Missing character: There is no s in font nullfont!
Missing character: There is no t in font nullfont!
Missing character: There is no u in font nullfont!
Missing character: There is no j in font nullfont!
Missing character: There is no e in font nullfont!
Missing character: There is no t in font nullfont!
Missing character: There is no a in font nullfont!
Missing character: There is no k in font nullfont!
Missing character: There is no , in font nullfont!
Missing character: There is no ≈ in font nullfont!
Missing character: There is no æ in font nullfont!
Missing character: There is no e in font nullfont!
Missing character: There is no k in font nullfont!
Missing character: There is no o in font nullfont!
Missing character: There is no n in font nullfont!
Missing character: There is no v in font nullfont!
Missing character: There is no e in font nullfont!
Missing character: There is no r in font nullfont!
Missing character: There is no g in font nullfont!
Missing character: There is no u in font nullfont!
Missing character: There is no j in font nullfont!
Missing character: There is no e in font nullfont!
Missing character: There is no , in font nullfont!

Overfull \hbox (19.6458pt too wide) in paragraph at lines 69--70
\OML/cmm/m/it/10 x[] \OMS/cmsy/m/n/10 2
 []


Overfull \hbox (21.79976pt too wide) in paragraph at lines 69--70
\OT1/cmr/m/n/10 (\OML/cmm/m/it/10 a; b\OT1/cmr/m/n/10 )$
 []


Overfull \hbox (53.8868pt too wide) in paragraph at lines 69--70
\OMS/cmsy/m/n/10 f\OML/cmm/m/it/10 f[]\OT1/cmr/m/n/10 (\OML/cmm/m/it/10 x[]\OT1
/cmr/m/n/10 )\OMS/cmsy/m/n/10 g[]$ 
 []

Missing character: There is no p in font nullfont!
Missing character: There is no r in font nullfont!
Missing character: There is no o in font nullfont!
Missing character: There is no d in font nullfont!
Missing character: There is no e in font nullfont!
Missing character: There is no r in font nullfont!
Missing character: There is no i in font nullfont!
Missing character: There is no v in font nullfont!
Missing character: There is no a in font nullfont!
Missing character: There is no c in font nullfont!
Missing character: There is no e in font nullfont!
Missing character: There is no p in font nullfont!
Missing character: There is no l in font nullfont!
Missing character: There is no a in font nullfont!
Missing character: There is no t in font nullfont!
Missing character: There is no √ in font nullfont!
Missing character: There is no ≠ in font nullfont!
! Undefined control sequence.
l.70 ...m pro derivace $f_n'$ plat√≠ $f_n' \conloc
                                                  $ na $(a,b)$
The control sequence at the end of the top line
of your error message was never \def'ed. If you have
misspelled it (e.g., `\hobx'), type `I' and the correct
spelling (e.g., `I\hbox'). Otherwise just continue,
and I'll forget about whatever was undefined.

Missing character: There is no n in font nullfont!
Missing character: There is no a in font nullfont!

Overfull \hbox (10.33919pt too wide) in paragraph at lines 70--71
\OML/cmm/m/it/10 f[]$
 []


Overfull \hbox (10.33919pt too wide) in paragraph at lines 70--71
\OML/cmm/m/it/10 f[]$
 []


Overfull \hbox (21.79976pt too wide) in paragraph at lines 70--71
\OT1/cmr/m/n/10 (\OML/cmm/m/it/10 a; b\OT1/cmr/m/n/10 )$ 
 []

Missing character: There is no P in font nullfont!
Missing character: There is no o in font nullfont!
Missing character: There is no t in font nullfont!
Missing character: There is no o in font nullfont!
Missing character: There is no m in font nullfont!
Missing character: There is no e in font nullfont!
Missing character: There is no x in font nullfont!
Missing character: There is no i in font nullfont!
Missing character: There is no s in font nullfont!
Missing character: There is no t in font nullfont!
Missing character: There is no u in font nullfont!
Missing character: There is no j in font nullfont!
Missing character: There is no e in font nullfont!
Missing character: There is no f in font nullfont!
Missing character: There is no u in font nullfont!
Missing character: There is no n in font nullfont!
Missing character: There is no k in font nullfont!
Missing character: There is no c in font nullfont!
Missing character: There is no e in font nullfont!
Missing character: There is no t in font nullfont!
Missing character: There is no a in font nullfont!
Missing character: There is no k in font nullfont!
Missing character: There is no , in font nullfont!
Missing character: There is no ≈ in font nullfont!
Missing character: There is no æ in font nullfont!
Missing character: There is no e in font nullfont!
! Undefined control sequence.
l.72 ... existuje funkce $f$ tak, ≈æe $f_n \conloc
                                                   f$ na $(a,b)$, $f$ m√° vl...
The control sequence at the end of the top line
of your error message was never \def'ed. If you have
misspelled it (e.g., `\hobx'), type `I' and the correct
spelling (e.g., `I\hbox'). Otherwise just continue,
and I'll forget about whatever was undefined.

Missing character: There is no n in font nullfont!
Missing character: There is no a in font nullfont!
Missing character: There is no , in font nullfont!
Missing character: There is no m in font nullfont!
Missing character: There is no √ in font nullfont!
Missing character: There is no ° in font nullfont!
Missing character: There is no v in font nullfont!
Missing character: There is no l in font nullfont!
Missing character: There is no a in font nullfont!
Missing character: There is no s in font nullfont!
Missing character: There is no t in font nullfont!
Missing character: There is no n in font nullfont!
Missing character: There is no √ in font nullfont!
Missing character: There is no ≠ in font nullfont!
Missing character: There is no d in font nullfont!
Missing character: There is no e in font nullfont!
Missing character: There is no r in font nullfont!
Missing character: There is no i in font nullfont!
Missing character: There is no v in font nullfont!
Missing character: There is no a in font nullfont!
Missing character: There is no c in font nullfont!
Missing character: There is no i in font nullfont!
Missing character: There is no a in font nullfont!
Missing character: There is no p in font nullfont!
Missing character: There is no l in font nullfont!
Missing character: There is no a in font nullfont!
Missing character: There is no t in font nullfont!
Missing character: There is no √ in font nullfont!
Missing character: There is no ≠ in font nullfont!
! Undefined control sequence.
l.72 ...° vlastn√≠ derivaci a plat√≠ $f_n' \conloc
                                                   f'$ na $(a,b)$.
The control sequence at the end of the top line
of your error message was never \def'ed. If you have
misspelled it (e.g., `\hobx'), type `I' and the correct
spelling (e.g., `I\hbox'). Otherwise just continue,
and I'll forget about whatever was undefined.

Missing character: There is no n in font nullfont!
Missing character: There is no a in font nullfont!
Missing character: There is no . in font nullfont!

! LaTeX Error: \begin{document} ended by \end{vetat}.

See the LaTeX manual or LaTeX Companion for explanation.
Type  H <return>  for immediate help.
 ...                                              
                                                  
l.73 \end{vetat}
                
Your command was ignored.
Type  I <command> <return>  to replace it with another command,
or  <return>  to continue without it.

)
! Emergency stop.
<*> 10.1.tex
            
*** (job aborted, no legal \end found)

 
Here is how much of TeX's memory you used:
 24 strings out of 493488
 278 string characters out of 3141326
 55432 words of memory out of 3000000
 3428 multiletter control sequences out of 15000+200000
 3986 words of font info for 15 fonts, out of 3000000 for 9000
 957 hyphenation exceptions out of 8191
 18i,4n,12p,218b,168s stack positions out of 5000i,500n,10000p,200000b,50000s
!  ==> Fatal error occurred, no output PDF file produced!
